{
  "RSpec": {
    "coverage": {
      "/Users/levkravinsky/Desktop/DinnerDash/spec/support/sign_in_helpers.rb": [
        1,
        1,
        7,
        7,
        7,
        7,
        7,
        null,
        null,
        1,
        null,
        null,
        null,
        null,
        null,
        null,
        7,
        null,
        null,
        1,
        1,
        null,
        null,
        null,
        null,
        null,
        null,
        null,
        1,
        6,
        null,
        null,
        null,
        null,
        null,
        null,
        null,
        1,
        3,
        null,
        null,
        null,
        null,
        null,
        null,
        1,
        0,
        null,
        null,
        null,
        null,
        null,
        null
      ],
      "/Users/levkravinsky/Desktop/DinnerDash/spec/support/sign_up_helpers.rb": [
        1,
        1,
        6,
        6,
        6,
        6,
        null,
        6,
        null,
        6,
        6,
        6,
        6,
        null,
        6,
        null,
        null,
        null
      ],
      "/Users/levkravinsky/Desktop/DinnerDash/spec/controllers/orders_controller_spec.rb": [
        1,
        null,
        1,
        null,
        null
      ],
      "/Users/levkravinsky/Desktop/DinnerDash/spec/rails_helper.rb": [
        null,
        1,
        1,
        null,
        1,
        1,
        1,
        null,
        null,
        null,
        null,
        null,
        null,
        null,
        null,
        null,
        null,
        null,
        null,
        null,
        null,
        null,
        null,
        null,
        null,
        null,
        1,
        null,
        1,
        null,
        1,
        null,
        null,
        null,
        null,
        1,
        null,
        null,
        null,
        null,
        null,
        null,
        null,
        null,
        null,
        null,
        null,
        null,
        null,
        null,
        1,
        null
      ],
      "/Users/levkravinsky/Desktop/DinnerDash/config/environment.rb": [
        null,
        1,
        null,
        null,
        1
      ],
      "/Users/levkravinsky/Desktop/DinnerDash/config/application.rb": [
        1,
        null,
        1,
        null,
        1,
        1,
        1,
        1,
        1,
        1,
        1,
        null,
        null,
        null,
        null,
        1,
        null,
        1,
        1,
        null,
        null,
        null,
        null,
        null,
        null,
        null,
        null,
        null,
        null,
        null,
        null,
        null,
        1,
        1,
        null,
        null
      ],
      "/Users/levkravinsky/Desktop/DinnerDash/config/boot.rb": [
        1,
        null,
        1
      ],
      "/Users/levkravinsky/Desktop/DinnerDash/config/environments/test.rb": [
        1,
        1,
        null,
        1,
        null,
        null,
        null,
        null,
        null,
        null,
        null,
        null,
        null,
        null,
        1,
        null,
        null,
        null,
        null,
        1,
        null,
        null,
        1,
        1,
        null,
        null,
        1,
        1,
        null,
        null,
        1,
        null,
        null,
        1,
        null,
        null,
        null,
        null,
        1,
        null,
        null,
        1,
        null,
        null,
        1,
        null,
        null,
        null,
        null
      ],
      "/Users/levkravinsky/Desktop/DinnerDash/config/initializers/assets.rb": [
        null,
        null,
        null,
        1,
        null,
        null,
        null,
        null,
        null,
        null,
        null
      ],
      "/Users/levkravinsky/Desktop/DinnerDash/config/initializers/backtrace_silencers.rb": [
        null,
        null,
        null,
        null,
        null,
        null,
        null
      ],
      "/Users/levkravinsky/Desktop/DinnerDash/config/initializers/cookies_serializer.rb": [
        null,
        null,
        1
      ],
      "/Users/levkravinsky/Desktop/DinnerDash/config/initializers/filter_parameter_logging.rb": [
        null,
        null,
        null,
        1
      ],
      "/Users/levkravinsky/Desktop/DinnerDash/config/initializers/inflections.rb": [
        null,
        null,
        null,
        null,
        null,
        null,
        null,
        null,
        null,
        null,
        null,
        null,
        null,
        null,
        null,
        null
      ],
      "/Users/levkravinsky/Desktop/DinnerDash/config/initializers/mime_types.rb": [
        null,
        null,
        null,
        null
      ],
      "/Users/levkravinsky/Desktop/DinnerDash/config/initializers/session_store.rb": [
        null,
        null,
        1
      ],
      "/Users/levkravinsky/Desktop/DinnerDash/config/initializers/wrap_parameters.rb": [
        null,
        null,
        null,
        null,
        null,
        null,
        1,
        1,
        null,
        null,
        null,
        null,
        null,
        null
      ],
      "/Users/levkravinsky/Desktop/DinnerDash/config/routes.rb": [
        1,
        null,
        1,
        null,
        null,
        1,
        1,
        null,
        1,
        null,
        1,
        1,
        null,
        null,
        1,
        null,
        1,
        1,
        null,
        null,
        1,
        1,
        1,
        null,
        1,
        1,
        null,
        1,
        null
      ],
      "/Users/levkravinsky/Desktop/DinnerDash/app/helpers/application_helper.rb": [
        1,
        null
      ],
      "/Users/levkravinsky/Desktop/DinnerDash/app/helpers/orders_helper.rb": [
        1,
        null
      ],
      "/Users/levkravinsky/Desktop/DinnerDash/app/controllers/orders_controller.rb": [
        1,
        1,
        0,
        0,
        0,
        0,
        0,
        null,
        0,
        null,
        null,
        null,
        1,
        1,
        1,
        null,
        null,
        null,
        1,
        0,
        0,
        null,
        null
      ],
      "/Users/levkravinsky/Desktop/DinnerDash/app/controllers/application_controller.rb": [
        1,
        null,
        null,
        1,
        null,
        1,
        null,
        1,
        100,
        null,
        null,
        1,
        1,
        1,
        1,
        null,
        1,
        212,
        null,
        null,
        1,
        88,
        null,
        null,
        1,
        2,
        null,
        null
      ],
      "/Users/levkravinsky/Desktop/DinnerDash/spec/features/admin/admin_creates_item_with_category_spec.rb": [
        1,
        null,
        1,
        1,
        null,
        1,
        1,
        null,
        1,
        null,
        1,
        null,
        1,
        1,
        1,
        1,
        1,
        null,
        1,
        null,
        1,
        null,
        1,
        null,
        null,
        null
      ],
      "/Users/levkravinsky/Desktop/DinnerDash/app/models/user.rb": [
        1,
        1,
        1,
        null,
        1,
        1,
        null,
        1,
        1,
        null,
        1,
        null
      ],
      "/Users/levkravinsky/Desktop/DinnerDash/spec/features/admin/admin_login_spec.rb": [
        1,
        null,
        1,
        1,
        null,
        1,
        1,
        null,
        1,
        null,
        1,
        1,
        null,
        null,
        1,
        1,
        null,
        1,
        null,
        1,
        null,
        null,
        null
      ],
      "/Users/levkravinsky/Desktop/DinnerDash/spec/features/admin/admin_panel_spec.rb": [
        1,
        null,
        1,
        1,
        null,
        1,
        1,
        null,
        1,
        null,
        1,
        null,
        1,
        null,
        null,
        1,
        1,
        null,
        1,
        null,
        1,
        1,
        1,
        1,
        null,
        1,
        null,
        1,
        null,
        1,
        null,
        null
      ],
      "/Users/levkravinsky/Desktop/DinnerDash/spec/features/admin/admin_retires_item_spec.rb": [
        1,
        null,
        1,
        1,
        null,
        1,
        1,
        null,
        1,
        null,
        1,
        null,
        1,
        null,
        1,
        1,
        1,
        1,
        null,
        null
      ],
      "/Users/levkravinsky/Desktop/DinnerDash/spec/features/cart/add_item_to_cart_spec.rb": [
        1,
        null,
        1,
        1,
        1,
        1,
        null,
        1,
        1,
        null,
        1,
        1,
        null,
        1,
        null,
        1,
        1,
        1,
        1,
        1,
        1,
        1,
        null,
        null
      ],
      "/Users/levkravinsky/Desktop/DinnerDash/app/models/cart.rb": [
        1,
        1,
        null,
        1,
        100,
        null,
        null,
        1,
        8,
        8,
        null,
        null,
        1,
        76,
        null,
        null,
        1,
        8,
        null,
        null
      ],
      "/Users/levkravinsky/Desktop/DinnerDash/spec/features/cart/cart_retains_items_after_login_spec.rb": [
        1,
        null,
        1,
        1,
        1,
        1,
        1,
        null,
        null,
        1,
        1,
        1,
        null,
        1,
        null,
        1,
        null,
        1,
        null,
        1,
        1,
        null,
        1,
        1,
        1,
        null,
        null,
        null
      ],
      "/Users/levkravinsky/Desktop/DinnerDash/spec/features/cart/unlogged_in_checkout_spec.rb": [
        1,
        null,
        1,
        1,
        1,
        1,
        null,
        1,
        1,
        null,
        1,
        null,
        1,
        1,
        1,
        null,
        1,
        null,
        null,
        1,
        1,
        1,
        null,
        1,
        1,
        null,
        1,
        1,
        null,
        1,
        null,
        1,
        1,
        1,
        1,
        1,
        null,
        null,
        null
      ],
      "/Users/levkravinsky/Desktop/DinnerDash/spec/features/users/categories_spec.rb": [
        null
      ],
      "/Users/levkravinsky/Desktop/DinnerDash/spec/features/users/create_new_user_spec.rb": [
        1,
        null,
        1,
        1,
        1,
        null,
        1,
        1,
        1,
        1,
        null,
        1,
        null,
        1,
        null,
        null
      ],
      "/Users/levkravinsky/Desktop/DinnerDash/spec/features/users/logged_in_orders_spec.rb": [
        1,
        null,
        1,
        1,
        1,
        null,
        null,
        null,
        null,
        1,
        1,
        1,
        1,
        null,
        1,
        1,
        null,
        null,
        null,
        null,
        1,
        1,
        null,
        null,
        null
      ],
      "/Users/levkravinsky/Desktop/DinnerDash/spec/features/users/unauthenticated_user_spec.rb": [
        1,
        null,
        1,
        null,
        1,
        1,
        null,
        1,
        1,
        null,
        1,
        null,
        null,
        1,
        null,
        null,
        1,
        null,
        null,
        null,
        1,
        null,
        1,
        1,
        1,
        null,
        null,
        1,
        1,
        1,
        1,
        1,
        null,
        1,
        1,
        1,
        null,
        null,
        1,
        1,
        null,
        1,
        null,
        null,
        1,
        1,
        null,
        1,
        null,
        null,
        1,
        1,
        1,
        1,
        null,
        1,
        1,
        null,
        null
      ],
      "/Users/levkravinsky/Desktop/DinnerDash/spec/features/users/unlogged_in_cant_see_orders_spec.rb": [
        1,
        null,
        1,
        1,
        1,
        1,
        null,
        null,
        null
      ],
      "/Users/levkravinsky/Desktop/DinnerDash/spec/features/users/user_login_spec.rb": [
        1,
        null,
        1,
        1,
        null,
        1,
        null,
        1,
        null,
        null,
        null,
        null,
        1,
        null,
        1,
        1,
        null,
        1,
        null,
        1,
        1,
        null,
        null,
        1,
        1,
        null,
        1,
        null,
        null,
        1,
        1,
        null,
        1,
        null,
        null,
        1,
        1,
        null,
        1,
        null,
        1,
        1,
        null,
        1,
        null,
        null,
        1,
        1,
        1,
        null,
        1,
        null,
        null,
        1,
        1,
        1,
        null,
        1,
        null,
        null
      ],
      "/Users/levkravinsky/Desktop/DinnerDash/spec/features/users/user_logout_spec.rb": [
        1,
        null,
        1,
        1,
        1,
        null,
        null,
        null,
        null,
        1,
        null,
        1,
        1,
        null,
        1,
        null,
        1,
        null,
        1,
        null,
        1,
        null,
        null
      ],
      "/Users/levkravinsky/Desktop/DinnerDash/spec/models/category_spec.rb": [
        1,
        null,
        1,
        null,
        null
      ],
      "/Users/levkravinsky/Desktop/DinnerDash/app/models/category.rb": [
        1,
        1,
        1,
        null
      ],
      "/Users/levkravinsky/Desktop/DinnerDash/spec/models/item_spec.rb": [
        1,
        null,
        1,
        1,
        null,
        null,
        null,
        null,
        null,
        11,
        null,
        null,
        1,
        1,
        null,
        null,
        1,
        1,
        1,
        null,
        1,
        null,
        null,
        1,
        1,
        1,
        null,
        1,
        null,
        null,
        1,
        3,
        null,
        1,
        1,
        null,
        null,
        1,
        1,
        1,
        null,
        1,
        null,
        null,
        1,
        1,
        1,
        null,
        1,
        null,
        1,
        1,
        1,
        null,
        1,
        null,
        null,
        1,
        1,
        1,
        1,
        null,
        null,
        1,
        1,
        1,
        null,
        1,
        null,
        null,
        1,
        1,
        null,
        1,
        null,
        null
      ],
      "/Users/levkravinsky/Desktop/DinnerDash/app/models/item.rb": [
        1,
        1,
        1,
        1,
        1,
        null,
        1,
        null,
        null,
        null,
        1,
        null,
        null,
        1,
        1,
        1,
        null,
        1,
        4,
        4,
        2,
        null,
        null,
        1,
        null,
        0,
        2,
        null,
        null
      ],
      "/Users/levkravinsky/Desktop/DinnerDash/spec/models/order_item_spec.rb": [
        1,
        null,
        1,
        null,
        null
      ],
      "/Users/levkravinsky/Desktop/DinnerDash/app/models/order_item.rb": [
        1,
        1,
        1,
        1,
        null
      ],
      "/Users/levkravinsky/Desktop/DinnerDash/spec/models/order_spec.rb": [
        1,
        null,
        1,
        1,
        null,
        1,
        1,
        null,
        null,
        null,
        null,
        null
      ],
      "/Users/levkravinsky/Desktop/DinnerDash/app/models/order.rb": [
        1,
        1,
        1,
        1,
        null
      ],
      "/Users/levkravinsky/Desktop/DinnerDash/spec/models/user_spec.rb": [
        1,
        null,
        1,
        1,
        null,
        7,
        null,
        1,
        1,
        null,
        null,
        1,
        1,
        1,
        null,
        null,
        1,
        1,
        null,
        1,
        null,
        null,
        1,
        1,
        null,
        1,
        null,
        null,
        1,
        1,
        null,
        1,
        null,
        null,
        1,
        1,
        null,
        null,
        null,
        null,
        1,
        null,
        null,
        1,
        1,
        null,
        1,
        null,
        null,
        1,
        1,
        1,
        1,
        null,
        1,
        null,
        1,
        null,
        null
      ],
      "/Users/levkravinsky/Desktop/DinnerDash/app/controllers/sessions_controller.rb": [
        1,
        1,
        null,
        null,
        1,
        10,
        8,
        8,
        8,
        8,
        null,
        2,
        2,
        null,
        null,
        null,
        1,
        2,
        2,
        2,
        null,
        null
      ],
      "/Users/levkravinsky/Desktop/DinnerDash/app/controllers/categories_controller.rb": [
        1,
        1,
        17,
        17,
        null,
        null,
        1,
        0,
        null,
        null
      ],
      "/Users/levkravinsky/Desktop/DinnerDash/app/controllers/admin/dashboard_controller.rb": [
        1,
        1,
        2,
        null,
        null
      ],
      "/Users/levkravinsky/Desktop/DinnerDash/app/controllers/admin/base_controller.rb": [
        1,
        1,
        null,
        1,
        null,
        1,
        3,
        null,
        null
      ],
      "/Users/levkravinsky/Desktop/DinnerDash/app/controllers/items_controller.rb": [
        1,
        1,
        4,
        2,
        null,
        2,
        null,
        null,
        null,
        1,
        17,
        null,
        null,
        1,
        2,
        null,
        null,
        1,
        2,
        null,
        2,
        2,
        2,
        null,
        0,
        0,
        null,
        null,
        null,
        1,
        1,
        1,
        null,
        null,
        1,
        null,
        1,
        2,
        null,
        null
      ],
      "/Users/levkravinsky/Desktop/DinnerDash/app/models/category_item.rb": [
        1,
        1,
        1,
        null
      ],
      "/Users/levkravinsky/Desktop/DinnerDash/app/controllers/users_controller.rb": [
        1,
        1,
        9,
        null,
        null,
        1,
        7,
        7,
        1,
        1,
        null,
        6,
        6,
        null,
        null,
        null,
        1,
        2,
        0,
        0,
        null,
        2,
        null,
        null,
        null,
        1,
        null,
        1,
        7,
        null,
        null
      ],
      "/Users/levkravinsky/Desktop/DinnerDash/app/controllers/carts_controller.rb": [
        1,
        1,
        null,
        1,
        8,
        8,
        8,
        null,
        8,
        8,
        null,
        null,
        1,
        4,
        null,
        null,
        1,
        0,
        0,
        null,
        null
      ],
      "/Users/levkravinsky/Desktop/DinnerDash/app/models/cart_presenter.rb": [
        1,
        1,
        4,
        null,
        null,
        1,
        4,
        6,
        6,
        null,
        null,
        null,
        null,
        null,
        null,
        null
      ],
      "/Users/levkravinsky/Desktop/DinnerDash/app/models/item_decorator.rb": [
        1,
        null,
        1,
        1,
        null,
        1,
        6,
        6,
        null,
        null
      ]
    },
    "timestamp": 1435010928
  }
}
